<?xml version="1.0" encoding="UTF-8"?>
<!-- Generated by org.testng.reporters.JUnitReportReporter -->
<testsuite skipped="0" hostname="THE_EXPANDABLES" name="assignments.Prime" tests="2" failures="0" timestamp="14 Nov 2020 12:49:47 GMT" time="8.672" errors="0">
  <testcase name="removeDuplicates" time="5.563" classname="assignments.Prime"/>
  <testcase name="prime" time="3.109" classname="assignments.Prime"/>
</testsuite> <!-- assignments.Prime -->
