<?xml version="1.0" encoding="UTF-8"?>
<!-- Generated by org.testng.reporters.JUnitReportReporter -->
<testsuite skipped="0" hostname="THE_EXPANDABLES" name="assignments.Fibonacci" tests="1" failures="0" timestamp="14 Nov 2020 08:06:55 GMT" time="1.563" errors="0">
  <testcase name="fibonacii" time="1.563" classname="assignments.Fibonacci"/>
</testsuite> <!-- assignments.Fibonacci -->
