<?xml version="1.0" encoding="UTF-8"?>
<!-- Generated by org.testng.reporters.JUnitReportReporter -->
<testsuite skipped="0" hostname="THE_EXPANDABLES" name="assignments.Plaindrome" tests="2" failures="0" timestamp="13 Nov 2020 12:36:29 GMT" time="7.625" errors="0">
  <testcase name="chkPlaindrome2" time="4.266" classname="assignments.Plaindrome"/>
  <testcase name="chkPalindrome" time="3.359" classname="assignments.Plaindrome"/>
</testsuite> <!-- assignments.Plaindrome -->
