<?xml version="1.0" encoding="UTF-8"?>
<!-- Generated by org.testng.reporters.JUnitReportReporter -->
<testsuite skipped="0" hostname="THE_EXPANDABLES" name="com.RestAssured.RestAssuredErgastCHeck" tests="1" failures="0" timestamp="21 Jul 2021 11:20:36 GMT" time="9.732" errors="0">
  <testcase name="ergastCheck" time="9.732" classname="com.RestAssured.RestAssuredErgastCHeck"/>
</testsuite> <!-- com.RestAssured.RestAssuredErgastCHeck -->
