<?xml version="1.0" encoding="UTF-8"?>
<!-- Generated by org.testng.reporters.JUnitReportReporter -->
<testsuite skipped="0" hostname="THE_EXPANDABLES" name="com.RestAssured.RestAssuredCheck" tests="1" failures="0" timestamp="24 Jul 2021 12:07:14 GMT" time="25.087" errors="0">
  <testcase name="checkAuthentication" time="25.087" classname="com.RestAssured.RestAssuredCheck"/>
</testsuite> <!-- com.RestAssured.RestAssuredCheck -->
