<?xml version="1.0" encoding="UTF-8"?>
<!-- Generated by org.testng.reporters.JUnitReportReporter -->
<testsuite skipped="6" hostname="THE_EXPANDABLES" name="assignments.Palindrome2" tests="7" failures="0" timestamp="20 May 2021 05:02:40 GMT" time="0.016" errors="0">
  <testcase name="chkRevertStar" time="0.016" classname="assignments.Palindrome2"/>
  <testcase name="Fibonacci" classname="assignments.Palindrome2">
    <skipped/>
  </testcase> <!-- Fibonacci -->
  <testcase name="palindrome" classname="assignments.Palindrome2">
    <skipped/>
  </testcase> <!-- palindrome -->
  <testcase name="findDuplicareInArray" classname="assignments.Palindrome2">
    <skipped/>
  </testcase> <!-- findDuplicareInArray -->
  <testcase name="similarString" classname="assignments.Palindrome2">
    <skipped/>
  </testcase> <!-- similarString -->
  <testcase name="duplicateCharacterinaString" classname="assignments.Palindrome2">
    <skipped/>
  </testcase> <!-- duplicateCharacterinaString -->
  <testcase name="chkFactorial" classname="assignments.Palindrome2">
    <skipped/>
  </testcase> <!-- chkFactorial -->
</testsuite> <!-- assignments.Palindrome2 -->
