<?xml version="1.0" encoding="UTF-8"?>
<!-- Generated by org.testng.reporters.JUnitReportReporter -->
<testsuite skipped="0" hostname="THE_EXPANDABLES" name="assignments.Swapping" tests="1" failures="0" timestamp="03 Apr 2021 04:31:57 GMT" time="6.706" errors="0">
  <testcase name="chkSwap" time="6.706" classname="assignments.Swapping"/>
</testsuite> <!-- assignments.Swapping -->
